DQ375486|Adenovirus	Adenovirus	0.9851618	Enterovirus	0.0097531285	Human_mastadenovirus_D
KR527332|Adenovirus	Adenovirus	0.9994822	Human_parainfluenza_viruses	0.00019234074	Human_mastadenovirus_D
KY404989|Adenovirus	Adenovirus	0.9864622	Coronavirus	0.0118	Human_mastadenovirus_E
MF962506|Adenovirus	Adenovirus	0.8989823	Enterovirus	0.055738766	Human_mastadenovirus_F
KC570889|Adenovirus	Adenovirus	0.9997297	Coronavirus	0.0002686511	Human_mastadenovirus_C
KP236092|Coronavirus	Coronavirus	0.9999956	Adenovirus	4.253238e-06	N/A
LQ525626|Coronavirus	Coronavirus	0.707333	Adenovirus	0.11389204	N/A
JX513226|Coronavirus	Coronavirus	0.98376393	Rhinoviruses	0.012597414	N/A
KT368906|Coronavirus	Coronavirus	1.0	Human_respiratory_syncytial_virus	4.2068106e-11	N/A
JQ732182|Coronavirus	Coronavirus	0.6492831	Mumps_virus	0.16060822	N/A
DQ315532|Enterovirus	Enterovirus	0.9614359	Mumps_virus	0.024063146	Echovirus_9
DQ246620|Enterovirus	Enterovirus	0.99959916	Rhinoviruses	0.00032943935	Coxsackievirus_B3
AB426614|Enterovirus	Enterovirus	0.99895847	Adenovirus	0.00058096607	Echovirus_2
JN203649|Enterovirus	Enterovirus	0.99933463	Coronavirus	0.0002594847	Echovirus_30
KJ143818|Human_bocavirus	Human_bocavirus	0.90701205	Human_parainfluenza_viruses	0.036193617	N/A
GQ243627|Human_bocavirus	Human_bocavirus	0.96003693	Influenza	0.015237005	N/A
HQ871653|Human_bocavirus	Human_bocavirus	0.8729502	Human_respiratory_syncytial_virus	0.057054088	N/A
AB761110|Human_bocavirus	Human_bocavirus	0.9762716	Influenza	0.013112323	N/A
KP683185|Human_bocavirus	Human_bocavirus	0.90504307	Human_parainfluenza_viruses	0.03293945	N/A
AB623428|Human_parainfluenza_viruses	Human_parainfluenza_viruses	0.99587643	Human_respiratory_syncytial_virus	0.003204734	Human_respirovirus_1
LC102233|Human_parainfluenza_viruses	Human_parainfluenza_viruses	0.99925643	Human_respiratory_syncytial_virus	0.00041042577	Human_respirovirus_1
AB641158|Human_parainfluenza_viruses	Human_parainfluenza_viruses	0.9777934	Human_respiratory_syncytial_virus	0.014568953	Human_respirovirus_1
AB623498|Human_parainfluenza_viruses	Human_parainfluenza_viruses	0.99559504	Human_respiratory_syncytial_virus	0.003790554	Human_respirovirus_1
MH678690|Human_parainfluenza_viruses	Human_parainfluenza_viruses	1.0	Mumps_virus	5.636288e-10	Human_respirovirus_3
KC461268|Human_respiratory_syncytial_virus	Human_respiratory_syncytial_virus	0.99911875	Human_parainfluenza_viruses	0.0005018949	N/A
KR816656|Human_respiratory_syncytial_virus	Human_respiratory_syncytial_virus	0.99895513	Metapneumovirus	0.0006858214	N/A
AB160949|Human_respiratory_syncytial_virus	Human_respiratory_syncytial_virus	0.9773488	Metapneumovirus	0.009591249	N/A
KT765584|Human_respiratory_syncytial_virus	Human_respiratory_syncytial_virus	0.9999819	Metapneumovirus	1.723307e-05	N/A
LC037480|Human_respiratory_syncytial_virus	Human_respiratory_syncytial_virus	0.999859	Metapneumovirus	6.3729334e-05	N/A
JF973025|Measles_virus	Measles_virus	0.99995136	Enterovirus	3.6960744e-05	N/A
AJ244037|Measles_virus	Measles_virus	0.99803764	Mumps_virus	0.001752898	N/A
LC090761|Measles_virus	Measles_virus	0.93484354	Influenza	0.032132413	N/A
AF243450|Measles_virus	Measles_virus	0.99995947	Enterovirus	3.5052733e-05	N/A
KX757051|Measles_virus	Measles_virus	0.99967	Metapneumovirus	0.0003142697	N/A
DQ229394|Metapneumovirus	Metapneumovirus	0.8682505	Enterovirus	0.037799727	N/A
MH482714|Metapneumovirus	Metapneumovirus	0.9993174	Human_respiratory_syncytial_virus	0.0003247743	N/A
AY216960|Metapneumovirus	Metapneumovirus	0.79201084	Human_respiratory_syncytial_virus	0.06012182	N/A
MH482664|Metapneumovirus	Metapneumovirus	0.9998754	Influenza	5.854735e-05	N/A
KC351087|Metapneumovirus	Metapneumovirus	0.7977614	Influenza	0.13600151	N/A
AY039723|Mumps_virus	Mumps_virus	0.29664093	Rhinoviruses	0.22846502	N/A
KX828255|Mumps_virus	Mumps_virus	0.9962566	Enterovirus	0.002293865	N/A
KY430342|Mumps_virus	Mumps_virus	0.9860271	Enterovirus	0.01042492	N/A
KX609804|Mumps_virus	Mumps_virus	0.97391	Rhinoviruses	0.014532223	N/A
KU756755|Mumps_virus	Mumps_virus	0.990222	Human_parainfluenza_viruses	0.009064988	N/A
MH460096|Rhinoviruses	Rhinoviruses	0.9847798	Metapneumovirus	0.0082847085	Rhinovirus_C
EU840852|Rhinoviruses	Rhinoviruses	0.97732407	Human_parainfluenza_viruses	0.013571039	Rhinovirus_A
MH459511|Rhinoviruses	Rhinoviruses	0.9919477	Adenovirus	0.0057424004	Rhinovirus_A
KU237005|Rhinoviruses	Rhinoviruses	0.9623698	Enterovirus	0.02569877	Rhinovirus_C
HM485475|Rhinoviruses	Rhinoviruses	0.70321083	Adenovirus	0.19138905	Rhinovirus_C
A|H1N1|HM176662|HA|Human|H1	Influenza	0.99998903	Human_parainfluenza_viruses	5.646934e-06	Human_Influenza_H1
A|H5N1|EF200513|HA|Human|H5	Influenza	0.9999536	Human_parainfluenza_viruses	4.0789928e-05	Human_Influenza_H5
A|H1N1|CY001954|NA|Human|N1	Influenza	0.99435294	Measles_virus	0.0043445816	Human_Influenza_N1
A|H7N9|KJ633810|NA|Human|N9	Influenza	0.9996592	Human_bocavirus	0.0003174729	Human_Influenza_N9
# done
